
 NX   Running target build for 4 projects:

- mf_activity
- shop
- profile
- admin



> nx run profile:build:development

- Generating browser application bundles (phase: setup)...
    TypeScript compiler options "target" and "useDefineForClassFields" are set to "ES2022" and "false" respectively by the Angular CLI. To control ECMA version and features use the Browserslist configuration. For more information, see https://angular.dev/tools/cli/build#configuring-browser-compatibility
    NOTE: You can set the "target" to "ES2022" in the project's tsconfig to remove this warning.
Could not find a version for "@angular/animations" in the root "package.json" when collecting shared packages for the Module Federation setup. The package will not be shared.

 NX   Cannot read properties of undefined (reading 'find')

Pass --verbose to see the stacktrace.


> nx run mf_activity:build:development

- Generating browser application bundles (phase: setup)...
    TypeScript compiler options "target" and "useDefineForClassFields" are set to "ES2022" and "false" respectively by the Angular CLI. To control ECMA version and features use the Browserslist configuration. For more information, see https://angular.dev/tools/cli/build#configuring-browser-compatibility
    NOTE: You can set the "target" to "ES2022" in the project's tsconfig to remove this warning.
Could not find a version for "@angular/animations" in the root "package.json" when collecting shared packages for the Module Federation setup. The package will not be shared.

 NX   Cannot read properties of undefined (reading 'find')

Pass --verbose to see the stacktrace.


> nx run shop:build:development

- Generating browser application bundles (phase: setup)...
    TypeScript compiler options "target" and "useDefineForClassFields" are set to "ES2022" and "false" respectively by the Angular CLI. To control ECMA version and features use the Browserslist configuration. For more information, see https://angular.dev/tools/cli/build#configuring-browser-compatibility
    NOTE: You can set the "target" to "ES2022" in the project's tsconfig to remove this warning.
Could not find a version for "@angular/animations" in the root "package.json" when collecting shared packages for the Module Federation setup. The package will not be shared.

 NX   Cannot read properties of undefined (reading 'find')

Pass --verbose to see the stacktrace.

